<?xml version="1.0" encoding="UTF-8"?>
<coverage generated="1787597377242" clover="3.2.0">
  <project timestamp="1787597377242" name="All files">
    <metrics statements="16" coveredstatements="15" conditionals="12" coveredconditionals="11" methods="3" coveredmethods="2" elements="31" coveredelements="28" complexity="0" loc="16" ncloc="16" packages="1" files="1" classes="1"/>
    <file name="app.js" path="/workspaces/jenkins/api/app.js">
      <metrics statements="16" coveredstatements="15" conditionals="12" coveredconditionals="11" methods="3" coveredmethods="2"/>
      <line num="1" count="1" type="stmt"/>
      <line num="3" count="1" type="stmt"/>
      <line num="12" count="2" type="stmt"/>
      <line num="15" count="1" type="stmt"/>
      <line num="16" count="3" type="cond" truecount="2" falsecount="0"/>
      <line num="17" count="1" type="stmt"/>
      <line num="18" count="1" type="stmt"/>
      <line num="25" count="2" type="cond" truecount="2" falsecount="0"/>
      <line num="26" count="1" type="stmt"/>
      <line num="27" count="1" type="stmt"/>
      <line num="29" count="1" type="stmt"/>
      <line num="30" count="1" type="stmt"/>
      <line num="34" count="1" type="cond" truecount="2" falsecount="0"/>
      <line num="36" count="1" type="cond" truecount="1" falsecount="1"/>
      <line num="37" count="0" type="stmt"/>
      <line num="40" count="1" type="stmt"/>
    </file>
  </project>
</coverage>
