{"/workspaces/jenkins/api/app.js": {"path":"/workspaces/jenkins/api/app.js","statementMap":{"0":{"start":{"line":1,"column":13},"end":{"line":1,"column":28}},"1":{"start":{"line":3,"column":15},"end":{"line":9,"column":1}},"2":{"start":{"line":12,"column":2},"end":{"line":12,"column":59}},"3":{"start":{"line":15,"column":15},"end":{"line":32,"column":2}},"4":{"start":{"line":16,"column":2},"end":{"line":31,"column":3}},"5":{"start":{"line":17,"column":4},"end":{"line":17,"column":63}},"6":{"start":{"line":18,"column":4},"end":{"line":24,"column":6}},"7":{"start":{"line":25,"column":9},"end":{"line":31,"column":3}},"8":{"start":{"line":26,"column":4},"end":{"line":26,"column":63}},"9":{"start":{"line":27,"column":4},"end":{"line":27,"column":57}},"10":{"start":{"line":29,"column":4},"end":{"line":29,"column":63}},"11":{"start":{"line":30,"column":4},"end":{"line":30,"column":52}},"12":{"start":{"line":34,"column":13},"end":{"line":34,"column":37}},"13":{"start":{"line":36,"column":0},"end":{"line":38,"column":1}},"14":{"start":{"line":37,"column":2},"end":{"line":37,"column":72}},"15":{"start":{"line":37,"column":28},"end":{"line":37,"column":70}},"16":{"start":{"line":40,"column":0},"end":{"line":40,"column":49}}},"fnMap":{"0":{"name":"randomGreet","decl":{"start":{"line":11,"column":9},"end":{"line":11,"column":20}},"loc":{"start":{"line":11,"column":23},"end":{"line":13,"column":1}},"line":11},"1":{"name":"(anonymous_1)","decl":{"start":{"line":15,"column":33},"end":{"line":15,"column":34}},"loc":{"start":{"line":15,"column":47},"end":{"line":32,"column":1}},"line":15},"2":{"name":"(anonymous_2)","decl":{"start":{"line":37,"column":22},"end":{"line":37,"column":23}},"loc":{"start":{"line":37,"column":28},"end":{"line":37,"column":70}},"line":37}},"branchMap":{"0":{"loc":{"start":{"line":16,"column":2},"end":{"line":31,"column":3}},"type":"if","locations":[{"start":{"line":16,"column":2},"end":{"line":31,"column":3}},{"start":{"line":25,"column":9},"end":{"line":31,"column":3}}],"line":16},"1":{"loc":{"start":{"line":21,"column":15},"end":{"line":21,"column":42}},"type":"binary-expr","locations":[{"start":{"line":21,"column":15},"end":{"line":21,"column":35}},{"start":{"line":21,"column":39},"end":{"line":21,"column":42}}],"line":21},"2":{"loc":{"start":{"line":22,"column":16},"end":{"line":22,"column":52}},"type":"binary-expr","locations":[{"start":{"line":22,"column":16},"end":{"line":22,"column":39}},{"start":{"line":22,"column":43},"end":{"line":22,"column":52}}],"line":22},"3":{"loc":{"start":{"line":25,"column":9},"end":{"line":31,"column":3}},"type":"if","locations":[{"start":{"line":25,"column":9},"end":{"line":31,"column":3}},{"start":{"line":28,"column":9},"end":{"line":31,"column":3}}],"line":25},"4":{"loc":{"start":{"line":34,"column":13},"end":{"line":34,"column":37}},"type":"binary-expr","locations":[{"start":{"line":34,"column":13},"end":{"line":34,"column":29}},{"start":{"line":34,"column":33},"end":{"line":34,"column":37}}],"line":34},"5":{"loc":{"start":{"line":36,"column":0},"end":{"line":38,"column":1}},"type":"if","locations":[{"start":{"line":36,"column":0},"end":{"line":38,"column":1}},{"start":{},"end":{}}],"line":36}},"s":{"0":1,"1":1,"2":2,"3":1,"4":3,"5":1,"6":1,"7":2,"8":1,"9":1,"10":1,"11":1,"12":1,"13":1,"14":0,"15":0,"16":1},"f":{"0":2,"1":3,"2":0},"b":{"0":[1,2],"1":[1,1],"2":[1,1],"3":[1,1],"4":[1,1],"5":[0,1]},"_coverageSchema":"1a1c01bbd47fc00a2c39e90264f33305004495a9","hash":"fa412795615f9326304bce7959665fd434af1847"}
}
