{"/workspaces/jenkins/web/app.js": {"path":"/workspaces/jenkins/web/app.js","statementMap":{"0":{"start":{"line":1,"column":13},"end":{"line":1,"column":28}},"1":{"start":{"line":3,"column":15},"end":{"line":9,"column":1}},"2":{"start":{"line":12,"column":16},"end":{"line":12,"column":57}},"3":{"start":{"line":13,"column":2},"end":{"line":13,"column":23}},"4":{"start":{"line":16,"column":15},"end":{"line":19,"column":2}},"5":{"start":{"line":17,"column":2},"end":{"line":17,"column":61}},"6":{"start":{"line":18,"column":2},"end":{"line":18,"column":69}},"7":{"start":{"line":21,"column":13},"end":{"line":21,"column":17}},"8":{"start":{"line":23,"column":0},"end":{"line":27,"column":1}},"9":{"start":{"line":24,"column":2},"end":{"line":26,"column":5}},"10":{"start":{"line":25,"column":4},"end":{"line":25,"column":58}},"11":{"start":{"line":29,"column":0},"end":{"line":29,"column":50}}},"fnMap":{"0":{"name":"randomGreets","decl":{"start":{"line":11,"column":9},"end":{"line":11,"column":21}},"loc":{"start":{"line":11,"column":24},"end":{"line":14,"column":1}},"line":11},"1":{"name":"(anonymous_1)","decl":{"start":{"line":16,"column":33},"end":{"line":16,"column":34}},"loc":{"start":{"line":16,"column":47},"end":{"line":19,"column":1}},"line":16},"2":{"name":"(anonymous_2)","decl":{"start":{"line":24,"column":22},"end":{"line":24,"column":23}},"loc":{"start":{"line":24,"column":28},"end":{"line":26,"column":3}},"line":24}},"branchMap":{"0":{"loc":{"start":{"line":23,"column":0},"end":{"line":27,"column":1}},"type":"if","locations":[{"start":{"line":23,"column":0},"end":{"line":27,"column":1}},{"start":{},"end":{}}],"line":23}},"s":{"0":1,"1":1,"2":2,"3":2,"4":1,"5":1,"6":1,"7":1,"8":1,"9":0,"10":0,"11":1},"f":{"0":2,"1":1,"2":0},"b":{"0":[0,1]},"_coverageSchema":"1a1c01bbd47fc00a2c39e90264f33305004495a9","hash":"bb1ef0e26922cd00bfd9ab614d7d40bd4f093de0"}
}
