TN:
SF:api/app.js
FN:3,(anonymous_0)
FN:17,(anonymous_1)
FNF:2
FNH:1
FNDA:2,(anonymous_0)
FNDA:0,(anonymous_1)
DA:1,1
DA:3,1
DA:5,2
DA:6,1
DA:7,1
DA:9,1
DA:10,1
DA:14,1
DA:16,1
DA:17,0
DA:18,0
DA:22,1
LF:12
LH:10
BRDA:5,0,0,1
BRDA:5,0,1,1
BRDA:14,1,0,1
BRDA:14,1,1,1
BRDA:16,2,0,0
BRDA:16,2,1,1
BRF:6
BRH:5
end_of_record
TN:
SF:web/app.js
FN:11,randomGreets
FN:16,(anonymous_1)
FN:24,(anonymous_2)
FNF:3
FNH:2
FNDA:2,randomGreets
FNDA:1,(anonymous_1)
FNDA:0,(anonymous_2)
DA:1,1
DA:3,1
DA:12,2
DA:13,2
DA:16,1
DA:17,1
DA:18,1
DA:21,1
DA:23,1
DA:24,0
DA:25,0
DA:29,1
LF:12
LH:10
BRDA:23,0,0,0
BRDA:23,0,1,1
BRF:2
BRH:1
end_of_record
